#
# There is insufficient memory for the Java Runtime Environment to continue.
# Native memory allocation (malloc) failed to allocate 1048576 bytes for AllocateHeap
# Possible reasons:
#   The system is out of physical RAM or swap space
#   In 32 bit mode, the process size limit was hit
# Possible solutions:
#   Reduce memory load on the system
#   Increase physical memory or swap space
#   Check if swap backing store is full
#   Use 64 bit Java on a 64 bit OS
#   Decrease Java heap size (-Xmx/-Xms)
#   Decrease number of Java threads
#   Decrease Java thread stack sizes (-Xss)
#   Set larger code cache with -XX:ReservedCodeCacheSize=
# This output file may be truncated or incomplete.
#
#  Out of Memory Error (memory/allocation.inline.hpp:60), pid=9696, tid=5980
#
# JRE version: 7.0_25-b17
# Java VM: Java HotSpot(TM) 64-Bit Server VM (23.25-b01 mixed mode windows-amd64 compressed oops)
# Failed to write core dump. Minidumps are not enabled by default on client versions of Windows
#

---------------  T H R E A D  ---------------

Current thread (0x000000000210e800):  JavaThread "Unknown thread" [_thread_in_vm, id=5980, stack(0x0000000002390000,0x0000000002490000)]

Stack: [0x0000000002390000,0x0000000002490000]

---------------  P R O C E S S  ---------------

Java Threads: ( => current thread )

Other Threads:

=>0x000000000210e800 (exited) JavaThread "Unknown thread" [_thread_in_vm, id=5980, stack(0x0000000002390000,0x0000000002490000)]

VM state:not at safepoint (normal execution)

VM Mutex/Monitor currently owned by a thread: None

Heap
 PSYoungGen      total 37696K, used 646K [0x00000007d5eb0000, 0x00000007d88c0000, 0x0000000800000000)
  eden space 32320K, 2% used [0x00000007d5eb0000,0x00000007d5f51a08,0x00000007d7e40000)
  from space 5376K, 0% used [0x00000007d8380000,0x00000007d8380000,0x00000007d88c0000)
  to   space 5376K, 0% used [0x00000007d7e40000,0x00000007d7e40000,0x00000007d8380000)
 ParOldGen       total 86208K, used 0K [0x0000000781c00000, 0x0000000787030000, 0x00000007d5eb0000)
  object space 86208K, 0% used [0x0000000781c00000,0x0000000781c00000,0x0000000787030000)
 PSPermGen       total 21248K, used 709K [0x000000077ca00000, 0x000000077dec0000, 0x0000000781c00000)
  object space 21248K, 3% used [0x000000077ca00000,0x000000077cab1418,0x000000077dec0000)

Card table byte_map: [0x0000000005490000,0x00000000058b0000] byte_map_base: 0x00000000018ab000

Polling page: 0x0000000000320000

Code Cache  [0x0000000002490000, 0x0000000002700000, 0x0000000005490000)
 total_blobs=39 nmethods=0 adapters=20 free_code_cache=48889Kb largest_free_block=50062848

Compilation events (0 events):
No events

GC Heap History (0 events):
No events

Deoptimization events (0 events):
No events

Internal exceptions (0 events):
No events

Events (10 events):
Event: 0.023 loading class 0x0000000002004d40
Event: 0.023 loading class 0x0000000002004d40 done
Event: 0.023 loading class 0x0000000002004da0
Event: 0.023 loading class 0x0000000002004da0 done
Event: 0.023 loading class 0x0000000002004dd0
Event: 0.023 loading class 0x0000000002004dd0 done
Event: 0.024 loading class 0x0000000002043200
Event: 0.024 loading class 0x0000000002043200 done
Event: 0.024 loading class 0x0000000002001900
Event: 0.024 loading class 0x0000000002001900 done


Dynamic libraries:
0x000000013ff60000 - 0x000000013ff93000 	C:\Program Files\Java\jdk1.7.0_25\bin\javaw.exe
0x0000000077a60000 - 0x0000000077c09000 	C:\windows\SYSTEM32\ntdll.dll
0x0000000077840000 - 0x000000007795f000 	C:\windows\system32\kernel32.dll
0x000007fefd830000 - 0x000007fefd89c000 	C:\windows\system32\KERNELBASE.dll
0x000007fefdfc0000 - 0x000007fefe09b000 	C:\windows\system32\ADVAPI32.dll
0x000007feffb50000 - 0x000007feffbef000 	C:\windows\system32\msvcrt.dll
0x000007feff6c0000 - 0x000007feff6df000 	C:\windows\SYSTEM32\sechost.dll
0x000007feff7c0000 - 0x000007feff8ed000 	C:\windows\system32\RPCRT4.dll
0x0000000077960000 - 0x0000000077a5a000 	C:\windows\system32\USER32.dll
0x000007fefdf50000 - 0x000007fefdfb7000 	C:\windows\system32\GDI32.dll
0x000007fefdf40000 - 0x000007fefdf4e000 	C:\windows\system32\LPK.dll
0x000007feff320000 - 0x000007feff3ea000 	C:\windows\system32\USP10.dll
0x000007fefc140000 - 0x000007fefc334000 	C:\windows\WinSxS\amd64_microsoft.windows.common-controls_6595b64144ccf1df_6.0.7601.18837_none_fa3b1e3d17594757\COMCTL32.dll
0x000007fefe300000 - 0x000007fefe371000 	C:\windows\system32\SHLWAPI.dll
0x000007feff790000 - 0x000007feff7be000 	C:\windows\system32\IMM32.DLL
0x000007fefdbc0000 - 0x000007fefdcc9000 	C:\windows\system32\MSCTF.dll
0x0000000077e30000 - 0x0000000077f01000 	C:\Program Files\Java\jdk1.7.0_25\jre\bin\msvcr100.dll
0x0000000058d60000 - 0x000000005946f000 	C:\Program Files\Java\jdk1.7.0_25\jre\bin\server\jvm.dll
0x000007fee8030000 - 0x000007fee8039000 	C:\windows\system32\WSOCK32.dll
0x000007fefe0a0000 - 0x000007fefe0ed000 	C:\windows\system32\WS2_32.dll
0x000007feff6e0000 - 0x000007feff6e8000 	C:\windows\system32\NSI.dll
0x000007fefb2e0000 - 0x000007fefb31b000 	C:\windows\system32\WINMM.dll
0x0000000077c20000 - 0x0000000077c27000 	C:\windows\system32\PSAPI.DLL
0x0000000074580000 - 0x000000007458f000 	C:\Program Files\Java\jdk1.7.0_25\jre\bin\verify.dll
0x00000000712c0000 - 0x00000000712e8000 	C:\Program Files\Java\jdk1.7.0_25\jre\bin\java.dll
0x00000000712a0000 - 0x00000000712b5000 	C:\Program Files\Java\jdk1.7.0_25\jre\bin\zip.dll

VM Arguments:
jvm_args: -Dfile.encoding=Cp1252 
java_command: Test.Test
Launcher Type: SUN_STANDARD

Environment Variables:
JAVA_HOME=C:\Program Files\Java\jdk1.7.0_25
CLASSPATH=C:\Program Files (x86)\Rational\ClearQuest\cqjni.jar
PATH=C:/Program Files/Java/jdk1.7.0_25/bin/../jre/bin/server;C:/Program Files/Java/jdk1.7.0_25/bin/../jre/bin;C:/Program Files/Java/jdk1.7.0_25/bin/../jre/lib/amd64;C:\Python34\;C:\Python34\Scripts;C:\app\PKaribasappa\product\11.2.0\client_2\bin;C:\app\PKaribasappa\product\11.2.0\client_1;C:\Users\pkaribasappa\bin\Sencha\Cmd\4.0.1.45;C:\windows\system32;C:\windows;C:\windows\System32\Wbem;C:\windows\System32\WindowsPowerShell\v1.0\;C:\windows\System32\WindowsPowerShell\v1.0\;C:\Program Files\Java\jdk1.7.0_40\bin;C:\Puneeth\java\MAVEN\apache-maven-3.3.3-bin\apache-maven-3.3.3\bin;C:\Program Files (x86)\MySQL\MySQL Utilities 1.3.6\;C:\Program Files (x86)\Skype\Phone\;C:\Puneeth\apache-tomcat-7.0.61-windows-x64\apache-tomcat-7.0.61\;C:\Program Files (x86)\Microsoft Visual Studio 10.0\Common7\IDE\PrivateAssemblies\;C:\Program Files (x86)\Microsoft SQL Server\110\DTS\Binn\;C:\Puneeth\java\MAVEN\apache-maven-3.3.3-bin\apache-maven-3.3.3\bin;C:\Program Files\Java\jdk1.7.0_25\bin;C:\Program Files\TortoiseGit\bin;C:\Program Files (x86)\Common Files\lenovo\easyplussdk\bin;C:\PROGRA~2\Groovy\GROOVY~1.5\bin;C:\Python34;c:\Program Files (x86)\Microsoft SQL Server\100\Tools\Binn\;c:\Program Files\Microsoft SQL Server\100\Tools\Binn\;c:\Program Files\Microsoft SQL Server\100\DTS\Binn\;C:\Program Files (x86)\Windows Kits\8.1\Windows Performance Toolkit\;C:\Puneeth\eclipse-jee-kepler-SR2-win32-x86_64\eclipse;
USERNAME=PKaribasappa
OS=Windows_NT
PROCESSOR_IDENTIFIER=Intel64 Family 6 Model 58 Stepping 9, GenuineIntel



---------------  S Y S T E M  ---------------

OS: Windows 7 , 64 bit Build 7601 Service Pack 1

CPU:total 4 (2 cores per cpu, 2 threads per core) family 6 model 58 stepping 9, cmov, cx8, fxsr, mmx, sse, sse2, sse3, ssse3, sse4.1, sse4.2, popcnt, avx, ht, tsc, tscinvbit, tscinv

Memory: 4k page, physical 8269900k(949916k free), swap 8342704k(5508k free)

vm_info: Java HotSpot(TM) 64-Bit Server VM (23.25-b01) for windows-amd64 JRE (1.7.0_25-b17), built on Jun 21 2013 12:58:32 by "java_re" with unknown MS VC++:1600

time: Tue Feb 09 13:54:23 2016
elapsed time: 0 seconds

